<?xml version="1.0" encoding="UTF-8"?>
<testsuite xmlns:xsi="http://www.w3.org/2001/XMLSchema-instance" xsi:noNamespaceSchemaLocation="https://maven.apache.org/surefire/maven-surefire-plugin/xsd/surefire-test-report-3.0.xsd" version="3.0" name="com.example.midterm.MidtermApplicationTests" time="1.691" tests="7" errors="0" skipped="0" failures="1">
  <properties>
[...]
</properties>
  <testcase name="surname" classname="com.example.midterm.MidtermApplicationTests" time="0.518">
    <system-out><![CDATA[22:01:14.602 [main] INFO org.springframework.test.context.support.AnnotationConfigContextLoaderUtils -- Could not detect default configuration classes for test class [com.example.midterm.MidtermApplicationTests]: MidtermApplicationTests does not declare any static, non-private, non-final, nested classes annotated with @Configuration.
22:01:14.673 [main] INFO org.springframework.boot.test.context.SpringBootTestContextBootstrapper -- Found @SpringBootConfiguration com.example.midterm.MidtermApplication for test class com.example.midterm.MidtermApplicationTests

  .   ____          _            __ _ _
 /\\ / ___'_ __ _ _(_)_ __  __ _ \ \ \ \
( ( )\___ | '_ | '_| | '_ \/ _` | \ \ \ \
 \\/  ___)| |_)| | | | | || (_| |  ) ) ) )
  '  |____| .__|_| |_|_| |_\__, | / / / /
 =========|_|==============|___/=/_/_/_/

 :: Spring Boot ::                (v3.3.3)

2024-09-18T22:01:14.911+08:00  INFO 28916 --- [midterm] [           main] c.e.midterm.MidtermApplicationTests      : Starting MidtermApplicationTests using Java 21.0.1 with PID 28916 (started by James in C:\Users\James\Desktop\entjava\ENTJAVAMidterms)
2024-09-18T22:01:14.911+08:00  INFO 28916 --- [midterm] [           main] c.e.midterm.MidtermApplicationTests      : No active profile set, falling back to 1 default profile: "default"
2024-09-18T22:01:15.303+08:00  WARN 28916 --- [midterm] [           main] trationDelegate$BeanPostProcessorChecker : Bean 'org.springframework.ws.config.annotation.DelegatingWsConfiguration' of type [org.springframework.ws.config.annotation.DelegatingWsConfiguration$$SpringCGLIB$$0] is not eligible for getting processed by all BeanPostProcessors (for example: not eligible for auto-proxying). The currently created BeanPostProcessor [annotationActionEndpointMapping] is declared through a non-static factory method on that class; consider declaring it as static instead.
2024-09-18T22:01:15.323+08:00  INFO 28916 --- [midterm] [           main] .w.s.a.s.AnnotationActionEndpointMapping : Supporting [WS-Addressing August 2004, WS-Addressing 1.0]
2024-09-18T22:01:15.619+08:00  INFO 28916 --- [midterm] [           main] c.e.midterm.MidtermApplicationTests      : Started MidtermApplicationTests in 0.854 seconds (process running for 1.457)
name: APC John Del User
cleaned name: APC ohn Del User
]]></system-out>
    <system-err><![CDATA[WARNING: A Java agent has been loaded dynamically (C:\Users\James\.m2\repository\net\bytebuddy\byte-buddy-agent\1.14.19\byte-buddy-agent-1.14.19.jar)
WARNING: If a serviceability tool is in use, please run with -XX:+EnableDynamicAgentLoading to hide this warning
WARNING: If a serviceability tool is not in use, please run with -Djdk.instrument.traceUsage for more information
WARNING: Dynamic loading of agents will be disallowed by default in a future release
]]></system-err>
  </testcase>
  <testcase name="remove" classname="com.example.midterm.MidtermApplicationTests" time="0.005">
    <system-out><![CDATA[name: Csar APC User
cleaned name: APC User
name: Dr APC User
cleaned name: APC User
name: D.R. APC User
cleaned name: APC User
name: Rev. APC User
cleaned name: APC User
name: APC (John) User
cleaned name: APC User
name: APC "Rambo" User
cleaned name: APC User
name: APC 'Rambo' User
cleaned name: APC User
name: APC User a.k.a The Terminator
cleaned name: APC User
name: APC User M.BA.
cleaned name: APC User
name: APC J. R. User
cleaned name: APC User
name: APC User, Bsc
cleaned name: APC User
name: APC User - Bsc
cleaned name: APC User
name: APC User | Bsc
cleaned name: APC User
name: ~~~ APC User ~~~
cleaned name: APC User
name: APC User Certified Professional
cleaned name: APC User
name: APC User 99
cleaned name: APC User
]]></system-out>
  </testcase>
  <testcase name="simple" classname="com.example.midterm.MidtermApplicationTests" time="0.004">
    <system-out><![CDATA[name: APC User
cleaned name: APC User
name: User, APC
cleaned name: User, APC
name:  APC     User 
cleaned name: APC User
]]></system-out>
  </testcase>
  <testcase name="suffix" classname="com.example.midterm.MidtermApplicationTests" time="0.002">
    <system-out><![CDATA[name: APC User Dip Ed
cleaned name: APC User
name: APC User DipEd
cleaned name: APC User
name: APC R User MSc MPH DRes/PhD
cleaned name: APC R User
name: APC User Phd
cleaned name: APC User
name: APC User MacA
cleaned name: APC User
name: APC User assoc prof
cleaned name: APC User
]]></system-out>
  </testcase>
  <testcase name="badNames_Success" classname="com.example.midterm.MidtermApplicationTests" time="0.002">
    <system-out><![CDATA[name: ~~~ APC User ~~~
cleaned name: APC User
name: ~~~ APC J User ~~~
cleaned name: APC User
]]></system-out>
  </testcase>
  <testcase name="replace" classname="com.example.midterm.MidtermApplicationTests" time="0.002">
    <system-out><![CDATA[name: APC User II.
cleaned name: APC User
name: APC User Jr.
cleaned name: APC User
]]></system-out>
  </testcase>
  <testcase name="capitalisation" classname="com.example.midterm.MidtermApplicationTests" time="0.005">
    <failure message="HEMANT AHIRKAR expected:&lt;Name(first=Hemant, last=Ahirkar)&gt; but was:&lt;Name(first=HEMANT, last=AHIRKAR)&gt;" type="java.lang.AssertionError"><![CDATA[java.lang.AssertionError: HEMANT AHIRKAR expected:<Name(first=Hemant, last=Ahirkar)> but was:<Name(first=HEMANT, last=AHIRKAR)>
	at org.springframework.test.util.AssertionErrors.fail(AssertionErrors.java:59)
	at org.springframework.test.util.AssertionErrors.assertEquals(AssertionErrors.java:122)
	at com.example.midterm.MidtermApplicationTests.capitalisation(MidtermApplicationTests.java:93)
	at java.base/java.lang.reflect.Method.invoke(Method.java:580)
	at java.base/java.util.ArrayList.forEach(ArrayList.java:1596)
	at java.base/java.util.ArrayList.forEach(ArrayList.java:1596)
]]></failure>
    <system-out><![CDATA[name: HEMANT AHIRKAR
cleaned name: HEMANT AHIRKAR
]]></system-out>
  </testcase>
</testsuite>