<?xml version="1.0" encoding="UTF-8"?>
<testsuite xmlns:xsi="http://www.w3.org/2001/XMLSchema-instance" xsi:noNamespaceSchemaLocation="https://maven.apache.org/surefire/maven-surefire-plugin/xsd/surefire-test-report-3.0.xsd" version="3.0" name="com.example.midterm.MidtermApplicationTests" time="0.032" tests="7" errors="0" skipped="0" failures="0">
  <properties>
[...]
</properties>
  <testcase name="surname" classname="com.example.midterm.MidtermApplicationTests" time="0.003">
    <system-out><![CDATA[2024-09-21T13:03:12.237+08:00  INFO 8868 --- [midterm] [           main] t.c.s.AnnotationConfigContextLoaderUtils : Could not detect default configuration classes for test class [com.example.midterm.MidtermApplicationTests]: MidtermApplicationTests does not declare any static, non-private, non-final, nested classes annotated with @Configuration.
2024-09-21T13:03:12.239+08:00  INFO 8868 --- [midterm] [           main] .b.t.c.SpringBootTestContextBootstrapper : Found @SpringBootConfiguration com.example.midterm.MidtermApplication for test class com.example.midterm.MidtermApplicationTests
]]></system-out>
  </testcase>
  <testcase name="remove" classname="com.example.midterm.MidtermApplicationTests" time="0.004"/>
  <testcase name="simple" classname="com.example.midterm.MidtermApplicationTests" time="0.002"/>
  <testcase name="suffix" classname="com.example.midterm.MidtermApplicationTests" time="0.002"/>
  <testcase name="badNames_Success" classname="com.example.midterm.MidtermApplicationTests" time="0.002"/>
  <testcase name="replace" classname="com.example.midterm.MidtermApplicationTests" time="0.002"/>
  <testcase name="capitalisation" classname="com.example.midterm.MidtermApplicationTests" time="0.003"/>
</testsuite>